0 info it worked if it ends with ok
1 verbose cli [ '/usr/bin/node', '/usr/bin/npm', 'run', 'db-local' ]
2 info using npm@3.10.10
3 info using node@v6.11.3
4 verbose run-script [ 'predb-local', 'db-local', 'postdb-local' ]
5 info lifecycle cloudant_boilerplate_nodejs@0.0.2~predb-local: cloudant_boilerplate_nodejs@0.0.2
6 silly lifecycle cloudant_boilerplate_nodejs@0.0.2~predb-local: no script for predb-local, continuing
7 info lifecycle cloudant_boilerplate_nodejs@0.0.2~db-local: cloudant_boilerplate_nodejs@0.0.2
8 verbose lifecycle cloudant_boilerplate_nodejs@0.0.2~db-local: unsafe-perm in lifecycle true
9 verbose lifecycle cloudant_boilerplate_nodejs@0.0.2~db-local: PATH: /usr/lib/node_modules/npm/bin/node-gyp-bin:/home/remy/projetos/extremedigital/fiergs/FIERGS_Senai/node_modules/.bin:/usr/local/bin:/usr/local/sbin:/usr/bin:/usr/sbin:/bin:/sbin:/home/remy/.local/bin:/home/remy/bin
10 verbose lifecycle cloudant_boilerplate_nodejs@0.0.2~db-local: CWD: /home/remy/projetos/extremedigital/fiergs/FIERGS_Senai
11 silly lifecycle cloudant_boilerplate_nodejs@0.0.2~db-local: Args: [ '-c', 'DBLOCAL=1 node app.js' ]
12 silly lifecycle cloudant_boilerplate_nodejs@0.0.2~db-local: Returned: code: 1  signal: null
13 info lifecycle cloudant_boilerplate_nodejs@0.0.2~db-local: Failed to exec db-local script
14 verbose stack Error: cloudant_boilerplate_nodejs@0.0.2 db-local: `DBLOCAL=1 node app.js`
14 verbose stack Exit status 1
14 verbose stack     at EventEmitter.<anonymous> (/usr/lib/node_modules/npm/lib/utils/lifecycle.js:255:16)
14 verbose stack     at emitTwo (events.js:106:13)
14 verbose stack     at EventEmitter.emit (events.js:191:7)
14 verbose stack     at ChildProcess.<anonymous> (/usr/lib/node_modules/npm/lib/utils/spawn.js:40:14)
14 verbose stack     at emitTwo (events.js:106:13)
14 verbose stack     at ChildProcess.emit (events.js:191:7)
14 verbose stack     at maybeClose (internal/child_process.js:920:16)
14 verbose stack     at Process.ChildProcess._handle.onexit (internal/child_process.js:230:5)
15 verbose pkgid cloudant_boilerplate_nodejs@0.0.2
16 verbose cwd /home/remy/projetos/extremedigital/fiergs/FIERGS_Senai
17 error Linux 3.10.0-693.5.2.el7.x86_64
18 error argv "/usr/bin/node" "/usr/bin/npm" "run" "db-local"
19 error node v6.11.3
20 error npm  v3.10.10
21 error code ELIFECYCLE
22 error cloudant_boilerplate_nodejs@0.0.2 db-local: `DBLOCAL=1 node app.js`
22 error Exit status 1
23 error Failed at the cloudant_boilerplate_nodejs@0.0.2 db-local script 'DBLOCAL=1 node app.js'.
23 error Make sure you have the latest version of node.js and npm installed.
23 error If you do, this is most likely a problem with the cloudant_boilerplate_nodejs package,
23 error not with npm itself.
23 error Tell the author that this fails on your system:
23 error     DBLOCAL=1 node app.js
23 error You can get information on how to open an issue for this project with:
23 error     npm bugs cloudant_boilerplate_nodejs
23 error Or if that isn't available, you can get their info via:
23 error     npm owner ls cloudant_boilerplate_nodejs
23 error There is likely additional logging output above.
24 verbose exit [ 1, true ]
